I, [2020-02-04T16:49:38.751798 #9048]  INFO -- default-ubuntu-1604: -----> Converging <default-ubuntu-1604>...
I, [2020-02-04T16:49:38.761700 #9048]  INFO -- default-ubuntu-1604: Preparing files for transfer
I, [2020-02-04T16:49:38.762401 #9048]  INFO -- default-ubuntu-1604: Policy lock file doesn't exist, running `chef install` for Policyfile C:/opscode/mongod-replica-config/Policyfile.rb...
I, [2020-02-04T16:49:46.084942 #9048]  INFO -- default-ubuntu-1604: Building policy mongod-replica-config
I, [2020-02-04T16:49:46.085141 #9048]  INFO -- default-ubuntu-1604: Expanded run list: recipe[mongod-replica-config::default]
I, [2020-02-04T16:49:46.085297 #9048]  INFO -- default-ubuntu-1604: Caching Cookbooks...
I, [2020-02-04T16:49:46.085501 #9048]  INFO -- default-ubuntu-1604: Installing mongod-replica-config >= 0.0.0 from path
I, [2020-02-04T16:49:46.085679 #9048]  INFO -- default-ubuntu-1604: Installing filebeat              >= 0.0.0 from git
I, [2020-02-04T16:49:52.361352 #9048]  INFO -- default-ubuntu-1604: Using      apt                   7.2.0
I, [2020-02-04T16:49:52.877222 #9048]  INFO -- default-ubuntu-1604: 
I, [2020-02-04T16:49:52.877405 #9048]  INFO -- default-ubuntu-1604: Lockfile written to C:/opscode/mongod-replica-config/Policyfile.lock.json
I, [2020-02-04T16:49:53.227217 #9048]  INFO -- default-ubuntu-1604: Policy revision id: ac51ed1da1d370e6cf9a8f406a51440e9c719e52ac2771da9d9c718f80b94610
I, [2020-02-04T16:49:53.271160 #9048]  INFO -- default-ubuntu-1604: Preparing dna.json
I, [2020-02-04T16:49:53.272843 #9048]  INFO -- default-ubuntu-1604: Exporting cookbook dependencies from Policyfile C:/Users/JOSEPH~1/AppData/Local/Temp/default-ubuntu-1604-sandbox-20200204-9048-1vle8rs...
I, [2020-02-04T16:50:03.430575 #9048]  INFO -- default-ubuntu-1604: Exported policy 'mongod-replica-config' to C:/Users/JOSEPH~1/AppData/Local/Temp/default-ubuntu-1604-sandbox-20200204-9048-1vle8rs
I, [2020-02-04T16:50:03.430965 #9048]  INFO -- default-ubuntu-1604: 
I, [2020-02-04T16:50:03.431296 #9048]  INFO -- default-ubuntu-1604: To converge this system with the exported policy, run:
I, [2020-02-04T16:50:03.432369 #9048]  INFO -- default-ubuntu-1604:   cd C:/Users/JOSEPH~1/AppData/Local/Temp/default-ubuntu-1604-sandbox-20200204-9048-1vle8rs
I, [2020-02-04T16:50:03.432651 #9048]  INFO -- default-ubuntu-1604:   chef-client -z
I, [2020-02-04T16:50:03.454747 #9048]  INFO -- default-ubuntu-1604: Removing non-cookbook files before transfer
I, [2020-02-04T16:50:03.457260 #9048]  INFO -- default-ubuntu-1604: Preparing validation.pem
I, [2020-02-04T16:50:03.460623 #9048]  INFO -- default-ubuntu-1604: Preparing client.rb
I, [2020-02-04T16:50:06.989738 #9048]  INFO -- default-ubuntu-1604: -----> Chef installation detected (install only if missing)
I, [2020-02-04T16:50:07.108935 #9048]  INFO -- default-ubuntu-1604: Transferring files to <default-ubuntu-1604>
I, [2020-02-04T16:50:17.344426 #9048]  INFO -- default-ubuntu-1604: Starting Chef Infra Client, version 15.7.32
I, [2020-02-04T16:50:18.461158 #9048]  INFO -- default-ubuntu-1604: Using policy 'mongod-replica-config' at revision 'ac51ed1da1d370e6cf9a8f406a51440e9c719e52ac2771da9d9c718f80b94610'
I, [2020-02-04T16:50:18.492546 #9048]  INFO -- default-ubuntu-1604: resolving cookbooks for run list: ["mongod-replica-config::default@0.1.0 (8419869)"]
I, [2020-02-04T16:50:18.558209 #9048]  INFO -- default-ubuntu-1604: Synchronizing Cookbooks:
I, [2020-02-04T16:50:18.559539 #9048]  INFO -- default-ubuntu-1604:   - apt (7.2.0)
I, [2020-02-04T16:50:18.615384 #9048]  INFO -- default-ubuntu-1604:   - filebeat (0.1.0)
I, [2020-02-04T16:50:18.616666 #9048]  INFO -- default-ubuntu-1604:   - mongod-replica-config (0.1.0)
I, [2020-02-04T16:50:18.617757 #9048]  INFO -- default-ubuntu-1604: Installing Cookbook Gems:
I, [2020-02-04T16:50:18.630736 #9048]  INFO -- default-ubuntu-1604: Compiling Cookbooks...
I, [2020-02-04T16:50:18.631906 #9048]  INFO -- default-ubuntu-1604: [2020-02-04T16:50:18+00:00] WARN: MissingCookbookDependency:
I, [2020-02-04T16:50:18.633053 #9048]  INFO -- default-ubuntu-1604: Recipe `https://github.com/Daniel-Chow-YC/filebeat-cookbook` is not in the run_list, and cookbook 'https://github.com/Daniel-Chow-YC/filebeat-cookbook'
I, [2020-02-04T16:50:18.634204 #9048]  INFO -- default-ubuntu-1604: is not a dependency of any cookbook in the run_list.  To load this recipe,
I, [2020-02-04T16:50:18.635237 #9048]  INFO -- default-ubuntu-1604: first add a dependency on cookbook 'https://github.com/Daniel-Chow-YC/filebeat-cookbook' in the cookbook you're
I, [2020-02-04T16:50:18.636245 #9048]  INFO -- default-ubuntu-1604: including it from in that cookbook's metadata.
I, [2020-02-04T16:50:18.637354 #9048]  INFO -- default-ubuntu-1604: 
I, [2020-02-04T16:50:18.638305 #9048]  INFO -- default-ubuntu-1604: 
I, [2020-02-04T16:50:18.639270 #9048]  INFO -- default-ubuntu-1604: ================================================================================
I, [2020-02-04T16:50:18.640279 #9048]  INFO -- default-ubuntu-1604: Recipe Compile Error in /tmp/kitchen/cache/cookbooks/mongod-replica-config/recipes/default.rb
I, [2020-02-04T16:50:18.641253 #9048]  INFO -- default-ubuntu-1604: ================================================================================
I, [2020-02-04T16:50:18.642136 #9048]  INFO -- default-ubuntu-1604: 
I, [2020-02-04T16:50:18.643123 #9048]  INFO -- default-ubuntu-1604: Chef::Exceptions::CookbookNotFound
I, [2020-02-04T16:50:18.644566 #9048]  INFO -- default-ubuntu-1604: ----------------------------------
I, [2020-02-04T16:50:18.645967 #9048]  INFO -- default-ubuntu-1604: Cookbook https://github.com/Daniel-Chow-YC/filebeat-cookbook not found. If you're loading https://github.com/Daniel-Chow-YC/filebeat-cookbook from another cookbook, make sure you configure the dependency in your metadata
I, [2020-02-04T16:50:18.646922 #9048]  INFO -- default-ubuntu-1604: 
I, [2020-02-04T16:50:18.647781 #9048]  INFO -- default-ubuntu-1604: Cookbook Trace:
I, [2020-02-04T16:50:18.648780 #9048]  INFO -- default-ubuntu-1604: ---------------
I, [2020-02-04T16:50:18.649759 #9048]  INFO -- default-ubuntu-1604:   /tmp/kitchen/cache/cookbooks/mongod-replica-config/recipes/default.rb:8:in `from_file'
I, [2020-02-04T16:50:18.650701 #9048]  INFO -- default-ubuntu-1604: 
I, [2020-02-04T16:50:18.651659 #9048]  INFO -- default-ubuntu-1604: Relevant File Content:
I, [2020-02-04T16:50:18.652679 #9048]  INFO -- default-ubuntu-1604: ----------------------
I, [2020-02-04T16:50:18.653626 #9048]  INFO -- default-ubuntu-1604: /tmp/kitchen/cache/cookbooks/mongod-replica-config/recipes/default.rb:
I, [2020-02-04T16:50:18.654476 #9048]  INFO -- default-ubuntu-1604: 
I, [2020-02-04T16:50:18.655567 #9048]  INFO -- default-ubuntu-1604:   1:  #
I, [2020-02-04T16:50:18.656963 #9048]  INFO -- default-ubuntu-1604:   2:  # Cookbook:: mongodb_cookbook_final
I, [2020-02-04T16:50:18.658068 #9048]  INFO -- default-ubuntu-1604:   3:  # Recipe:: default
I, [2020-02-04T16:50:18.659035 #9048]  INFO -- default-ubuntu-1604:   4:  #
I, [2020-02-04T16:50:18.660098 #9048]  INFO -- default-ubuntu-1604:   5:  # Copyright:: 2020, The Authors, All Rights Reserved.
I, [2020-02-04T16:50:18.660995 #9048]  INFO -- default-ubuntu-1604:   6:  site_name = node['github']['repo']
I, [2020-02-04T16:50:18.662046 #9048]  INFO -- default-ubuntu-1604:   7:  
I, [2020-02-04T16:50:18.663105 #9048]  INFO -- default-ubuntu-1604:   8>> include_recipe node['github']['repo']
I, [2020-02-04T16:50:18.664661 #9048]  INFO -- default-ubuntu-1604:   9:  
I, [2020-02-04T16:50:18.665625 #9048]  INFO -- default-ubuntu-1604:  10:  include_recipe 'apt'
I, [2020-02-04T16:50:18.666934 #9048]  INFO -- default-ubuntu-1604:  11:  
I, [2020-02-04T16:50:18.667923 #9048]  INFO -- default-ubuntu-1604:  12:  
I, [2020-02-04T16:50:18.668937 #9048]  INFO -- default-ubuntu-1604:  13:  
I, [2020-02-04T16:50:18.669904 #9048]  INFO -- default-ubuntu-1604:  14:  
I, [2020-02-04T16:50:18.670902 #9048]  INFO -- default-ubuntu-1604:  15:  # Installing mongodb
I, [2020-02-04T16:50:18.671984 #9048]  INFO -- default-ubuntu-1604:  16:  bash 'install_mongod' do
I, [2020-02-04T16:50:18.673024 #9048]  INFO -- default-ubuntu-1604:  17:    user 'root'
I, [2020-02-04T16:50:18.673910 #9048]  INFO -- default-ubuntu-1604: 
I, [2020-02-04T16:50:18.674911 #9048]  INFO -- default-ubuntu-1604: System Info:
I, [2020-02-04T16:50:18.675995 #9048]  INFO -- default-ubuntu-1604: ------------
I, [2020-02-04T16:50:18.677025 #9048]  INFO -- default-ubuntu-1604: chef_version=15.7.32
I, [2020-02-04T16:50:18.678116 #9048]  INFO -- default-ubuntu-1604: platform=ubuntu
I, [2020-02-04T16:50:18.679371 #9048]  INFO -- default-ubuntu-1604: platform_version=16.04
I, [2020-02-04T16:50:18.680663 #9048]  INFO -- default-ubuntu-1604: ruby=ruby 2.6.5p114 (2019-10-01 revision 67812) [x86_64-linux]
I, [2020-02-04T16:50:18.681757 #9048]  INFO -- default-ubuntu-1604: program_name=/opt/chef/bin/chef-client
I, [2020-02-04T16:50:18.682782 #9048]  INFO -- default-ubuntu-1604: executable=/opt/chef/bin/chef-client
I, [2020-02-04T16:50:18.683670 #9048]  INFO -- default-ubuntu-1604: 
I, [2020-02-04T16:50:18.684392 #9048]  INFO -- default-ubuntu-1604: 
I, [2020-02-04T16:50:18.685334 #9048]  INFO -- default-ubuntu-1604: Running handlers:
I, [2020-02-04T16:50:18.686351 #9048]  INFO -- default-ubuntu-1604: [2020-02-04T16:50:18+00:00] ERROR: Running exception handlers
I, [2020-02-04T16:50:18.687328 #9048]  INFO -- default-ubuntu-1604: Running handlers complete
I, [2020-02-04T16:50:18.688225 #9048]  INFO -- default-ubuntu-1604: [2020-02-04T16:50:18+00:00] ERROR: Exception handlers complete
I, [2020-02-04T16:50:18.689098 #9048]  INFO -- default-ubuntu-1604: Chef Infra Client failed. 0 resources updated in 01 seconds
I, [2020-02-04T16:50:18.690141 #9048]  INFO -- default-ubuntu-1604: [2020-02-04T16:50:18+00:00] FATAL: Stacktrace dumped to /tmp/kitchen/cache/chef-stacktrace.out
I, [2020-02-04T16:50:18.691155 #9048]  INFO -- default-ubuntu-1604: [2020-02-04T16:50:18+00:00] FATAL: Please provide the contents of the stacktrace.out file if you file a bug report
I, [2020-02-04T16:50:18.692208 #9048]  INFO -- default-ubuntu-1604: [2020-02-04T16:50:18+00:00] FATAL: Chef::Exceptions::CookbookNotFound: Cookbook https://github.com/Daniel-Chow-YC/filebeat-cookbook not found. If you're loading https://github.com/Daniel-Chow-YC/filebeat-cookbook from another cookbook, make sure you configure the dependency in your metadata
E, [2020-02-04T16:50:18.885359 #9048] ERROR -- default-ubuntu-1604: Converge failed on instance <default-ubuntu-1604>.
E, [2020-02-04T16:50:18.886065 #9048] ERROR -- default-ubuntu-1604: ------Exception-------
E, [2020-02-04T16:50:18.886355 #9048] ERROR -- default-ubuntu-1604: Class: Kitchen::ActionFailed
E, [2020-02-04T16:50:18.886739 #9048] ERROR -- default-ubuntu-1604: Message: SSH exited (1) for command: [sh -c '
TEST_KITCHEN="1"; export TEST_KITCHEN
sudo -E /opt/chef/bin/chef-client --local-mode --config /tmp/kitchen/client.rb --log_level auto --force-formatter --no-color --json-attributes /tmp/kitchen/dna.json --chef-zero-port 8889 
']
E, [2020-02-04T16:50:18.887109 #9048] ERROR -- default-ubuntu-1604: ----------------------
E, [2020-02-04T16:50:18.887555 #9048] ERROR -- default-ubuntu-1604: ------Backtrace-------
E, [2020-02-04T16:50:18.887953 #9048] ERROR -- default-ubuntu-1604: C:/opscode/chefdk/embedded/lib/ruby/gems/2.6.0/gems/test-kitchen-2.3.4/lib/kitchen/provisioner/base.rb:95:in `rescue in call'
E, [2020-02-04T16:50:18.888319 #9048] ERROR -- default-ubuntu-1604: C:/opscode/chefdk/embedded/lib/ruby/gems/2.6.0/gems/test-kitchen-2.3.4/lib/kitchen/provisioner/base.rb:94:in `call'
E, [2020-02-04T16:50:18.888657 #9048] ERROR -- default-ubuntu-1604: C:/opscode/chefdk/embedded/lib/ruby/gems/2.6.0/gems/test-kitchen-2.3.4/lib/kitchen/instance.rb:409:in `block in converge_action'
E, [2020-02-04T16:50:18.889048 #9048] ERROR -- default-ubuntu-1604: C:/opscode/chefdk/embedded/lib/ruby/gems/2.6.0/gems/test-kitchen-2.3.4/lib/kitchen/instance.rb:552:in `synchronize_or_call'
E, [2020-02-04T16:50:18.889459 #9048] ERROR -- default-ubuntu-1604: C:/opscode/chefdk/embedded/lib/ruby/gems/2.6.0/gems/test-kitchen-2.3.4/lib/kitchen/instance.rb:514:in `block in action'
E, [2020-02-04T16:50:18.889832 #9048] ERROR -- default-ubuntu-1604: C:/opscode/chefdk/embedded/lib/ruby/2.6.0/benchmark.rb:293:in `measure'
E, [2020-02-04T16:50:18.890221 #9048] ERROR -- default-ubuntu-1604: C:/opscode/chefdk/embedded/lib/ruby/gems/2.6.0/gems/test-kitchen-2.3.4/lib/kitchen/instance.rb:513:in `action'
E, [2020-02-04T16:50:18.890696 #9048] ERROR -- default-ubuntu-1604: C:/opscode/chefdk/embedded/lib/ruby/gems/2.6.0/gems/test-kitchen-2.3.4/lib/kitchen/instance.rb:404:in `converge_action'
E, [2020-02-04T16:50:18.891050 #9048] ERROR -- default-ubuntu-1604: C:/opscode/chefdk/embedded/lib/ruby/gems/2.6.0/gems/test-kitchen-2.3.4/lib/kitchen/instance.rb:382:in `block (2 levels) in transition_to'
E, [2020-02-04T16:50:18.891465 #9048] ERROR -- default-ubuntu-1604: C:/opscode/chefdk/embedded/lib/ruby/gems/2.6.0/gems/test-kitchen-2.3.4/lib/kitchen/lifecycle_hooks.rb:45:in `run_with_hooks'
E, [2020-02-04T16:50:18.891879 #9048] ERROR -- default-ubuntu-1604: C:/opscode/chefdk/embedded/lib/ruby/gems/2.6.0/gems/test-kitchen-2.3.4/lib/kitchen/instance.rb:381:in `block in transition_to'
E, [2020-02-04T16:50:18.892258 #9048] ERROR -- default-ubuntu-1604: C:/opscode/chefdk/embedded/lib/ruby/gems/2.6.0/gems/test-kitchen-2.3.4/lib/kitchen/instance.rb:380:in `each'
E, [2020-02-04T16:50:18.892701 #9048] ERROR -- default-ubuntu-1604: C:/opscode/chefdk/embedded/lib/ruby/gems/2.6.0/gems/test-kitchen-2.3.4/lib/kitchen/instance.rb:380:in `transition_to'
E, [2020-02-04T16:50:18.893053 #9048] ERROR -- default-ubuntu-1604: C:/opscode/chefdk/embedded/lib/ruby/gems/2.6.0/gems/test-kitchen-2.3.4/lib/kitchen/instance.rb:162:in `verify'
E, [2020-02-04T16:50:18.893419 #9048] ERROR -- default-ubuntu-1604: C:/opscode/chefdk/embedded/lib/ruby/gems/2.6.0/gems/test-kitchen-2.3.4/lib/kitchen/command.rb:198:in `public_send'
E, [2020-02-04T16:50:18.893815 #9048] ERROR -- default-ubuntu-1604: C:/opscode/chefdk/embedded/lib/ruby/gems/2.6.0/gems/test-kitchen-2.3.4/lib/kitchen/command.rb:198:in `run_action_in_thread'
E, [2020-02-04T16:50:18.894255 #9048] ERROR -- default-ubuntu-1604: C:/opscode/chefdk/embedded/lib/ruby/gems/2.6.0/gems/test-kitchen-2.3.4/lib/kitchen/command.rb:169:in `block (2 levels) in run_action'
E, [2020-02-04T16:50:18.894607 #9048] ERROR -- default-ubuntu-1604: C:/opscode/chefdk/embedded/lib/ruby/gems/2.6.0/gems/logging-2.2.2/lib/logging/diagnostic_context.rb:474:in `block in create_with_logging_context'
E, [2020-02-04T16:50:18.894966 #9048] ERROR -- default-ubuntu-1604: ----End Backtrace-----
E, [2020-02-04T16:50:18.895426 #9048] ERROR -- default-ubuntu-1604: ---Nested Exception---
E, [2020-02-04T16:50:18.895822 #9048] ERROR -- default-ubuntu-1604: Class: Kitchen::Transport::SshFailed
E, [2020-02-04T16:50:18.896185 #9048] ERROR -- default-ubuntu-1604: Message: SSH exited (1) for command: [sh -c '
TEST_KITCHEN="1"; export TEST_KITCHEN
sudo -E /opt/chef/bin/chef-client --local-mode --config /tmp/kitchen/client.rb --log_level auto --force-formatter --no-color --json-attributes /tmp/kitchen/dna.json --chef-zero-port 8889 
']
E, [2020-02-04T16:50:18.896581 #9048] ERROR -- default-ubuntu-1604: ----------------------
E, [2020-02-04T16:50:18.896927 #9048] ERROR -- default-ubuntu-1604: ------Backtrace-------
E, [2020-02-04T16:50:18.897243 #9048] ERROR -- default-ubuntu-1604: C:/opscode/chefdk/embedded/lib/ruby/gems/2.6.0/gems/test-kitchen-2.3.4/lib/kitchen/provisioner/base.rb:95:in `rescue in call'
E, [2020-02-04T16:50:18.897630 #9048] ERROR -- default-ubuntu-1604: C:/opscode/chefdk/embedded/lib/ruby/gems/2.6.0/gems/test-kitchen-2.3.4/lib/kitchen/provisioner/base.rb:94:in `call'
E, [2020-02-04T16:50:18.898002 #9048] ERROR -- default-ubuntu-1604: C:/opscode/chefdk/embedded/lib/ruby/gems/2.6.0/gems/test-kitchen-2.3.4/lib/kitchen/instance.rb:409:in `block in converge_action'
E, [2020-02-04T16:50:18.898383 #9048] ERROR -- default-ubuntu-1604: C:/opscode/chefdk/embedded/lib/ruby/gems/2.6.0/gems/test-kitchen-2.3.4/lib/kitchen/instance.rb:552:in `synchronize_or_call'
E, [2020-02-04T16:50:18.898808 #9048] ERROR -- default-ubuntu-1604: C:/opscode/chefdk/embedded/lib/ruby/gems/2.6.0/gems/test-kitchen-2.3.4/lib/kitchen/instance.rb:514:in `block in action'
E, [2020-02-04T16:50:18.899279 #9048] ERROR -- default-ubuntu-1604: C:/opscode/chefdk/embedded/lib/ruby/2.6.0/benchmark.rb:293:in `measure'
E, [2020-02-04T16:50:18.899683 #9048] ERROR -- default-ubuntu-1604: C:/opscode/chefdk/embedded/lib/ruby/gems/2.6.0/gems/test-kitchen-2.3.4/lib/kitchen/instance.rb:513:in `action'
E, [2020-02-04T16:50:18.900064 #9048] ERROR -- default-ubuntu-1604: C:/opscode/chefdk/embedded/lib/ruby/gems/2.6.0/gems/test-kitchen-2.3.4/lib/kitchen/instance.rb:404:in `converge_action'
E, [2020-02-04T16:50:18.900470 #9048] ERROR -- default-ubuntu-1604: C:/opscode/chefdk/embedded/lib/ruby/gems/2.6.0/gems/test-kitchen-2.3.4/lib/kitchen/instance.rb:382:in `block (2 levels) in transition_to'
E, [2020-02-04T16:50:18.900875 #9048] ERROR -- default-ubuntu-1604: C:/opscode/chefdk/embedded/lib/ruby/gems/2.6.0/gems/test-kitchen-2.3.4/lib/kitchen/lifecycle_hooks.rb:45:in `run_with_hooks'
E, [2020-02-04T16:50:18.901238 #9048] ERROR -- default-ubuntu-1604: C:/opscode/chefdk/embedded/lib/ruby/gems/2.6.0/gems/test-kitchen-2.3.4/lib/kitchen/instance.rb:381:in `block in transition_to'
E, [2020-02-04T16:50:18.901645 #9048] ERROR -- default-ubuntu-1604: C:/opscode/chefdk/embedded/lib/ruby/gems/2.6.0/gems/test-kitchen-2.3.4/lib/kitchen/instance.rb:380:in `each'
E, [2020-02-04T16:50:18.902038 #9048] ERROR -- default-ubuntu-1604: C:/opscode/chefdk/embedded/lib/ruby/gems/2.6.0/gems/test-kitchen-2.3.4/lib/kitchen/instance.rb:380:in `transition_to'
E, [2020-02-04T16:50:18.902406 #9048] ERROR -- default-ubuntu-1604: C:/opscode/chefdk/embedded/lib/ruby/gems/2.6.0/gems/test-kitchen-2.3.4/lib/kitchen/instance.rb:162:in `verify'
E, [2020-02-04T16:50:18.902780 #9048] ERROR -- default-ubuntu-1604: C:/opscode/chefdk/embedded/lib/ruby/gems/2.6.0/gems/test-kitchen-2.3.4/lib/kitchen/command.rb:198:in `public_send'
E, [2020-02-04T16:50:18.903162 #9048] ERROR -- default-ubuntu-1604: C:/opscode/chefdk/embedded/lib/ruby/gems/2.6.0/gems/test-kitchen-2.3.4/lib/kitchen/command.rb:198:in `run_action_in_thread'
E, [2020-02-04T16:50:18.903558 #9048] ERROR -- default-ubuntu-1604: C:/opscode/chefdk/embedded/lib/ruby/gems/2.6.0/gems/test-kitchen-2.3.4/lib/kitchen/command.rb:169:in `block (2 levels) in run_action'
E, [2020-02-04T16:50:18.903892 #9048] ERROR -- default-ubuntu-1604: C:/opscode/chefdk/embedded/lib/ruby/gems/2.6.0/gems/logging-2.2.2/lib/logging/diagnostic_context.rb:474:in `block in create_with_logging_context'
E, [2020-02-04T16:50:18.904263 #9048] ERROR -- default-ubuntu-1604: ----End Backtrace-----
